<?xml version="1.0" encoding="UTF-8"?>
<!-- Generated by org.testng.reporters.JUnitReportReporter -->
<testsuite hostname="dllt-7544" failures="0" tests="1" name="resrAssuredTest.AliceAcceptFaberCon" time="2.390" errors="0" timestamp="2021-07-28T15:57:22 IST" skipped="0">
  <testcase classname="resrAssuredTest.AliceAcceptFaberCon" name="postTest" time="2.390"/>
  <system-out/>
</testsuite> <!-- resrAssuredTest.AliceAcceptFaberCon -->
