<?xml version="1.0" encoding="UTF-8"?>
<!-- Generated by org.testng.reporters.JUnitReportReporter -->
<testsuite hostname="dllt-7544" failures="0" tests="1" name="resrAssuredTest.AliceAcceptFaberCon" time="1.885" errors="0" timestamp="2021-08-06T10:57:03 IST" skipped="0">
  <testcase classname="resrAssuredTest.AliceAcceptFaberCon" name="postTest" time="1.885"/>
  <system-out/>
</testsuite> <!-- resrAssuredTest.AliceAcceptFaberCon -->
