<?xml version="1.0" encoding="UTF-8"?>
<!-- Generated by org.testng.reporters.JUnitReportReporter -->
<testsuite hostname="dllt-7544" failures="0" tests="1" name="resrAssuredTest.GetApi" time="4.759" errors="0" timestamp="2021-07-21T11:44:39 IST" skipped="0">
  <testcase classname="resrAssuredTest.GetApi" name="getTest" time="4.759"/>
  <system-out>
    <![CDATA[{
    "connection_id": "d9795e86-5e58-473a-a4ac-c8fa73d48c62",
    "invitation": {
        "@type": "did:sov:BzCbsNYhMrjHiqZDTUASHg;spec/connections/1.0/invitation",
        "@id": "eadb7e41-8360-4e5a-9a69-579fc164f0b7",
        "recipientKeys": [
            "3ukUzrrzw4UAiGiPGitt6LAy9kGxyfrNAtu1VJYnN5MT"
        ],
        "label": "Faber Agent",
        "serviceEndpoint": "http://172.31.25.166:8020"
    },
    "invitation_url": "http://172.31.25.166:8020?c_i=eyJAdHlwZSI6ICJkaWQ6c292OkJ6Q2JzTlloTXJqSGlxWkRUVUFTSGc7c3BlYy9jb25uZWN0aW9ucy8xLjAvaW52aXRhdGlvbiIsICJAaWQiOiAiZWFkYjdlNDEtODM2MC00ZTVhLTlhNjktNTc5ZmMxNjRmMGI3IiwgInJlY2lwaWVudEtleXMiOiBbIjN1a1V6cnJ6dzRVQWlHaVBHaXR0NkxBeTlrR3h5ZnJOQXR1MVZKWW5ONU1UIl0sICJsYWJlbCI6ICJGYWJlciBBZ2VudCIsICJzZXJ2aWNlRW5kcG9pbnQiOiAiaHR0cDovLzE3Mi4zMS4yNS4xNjY6ODAyMCJ9"
}]]>
  </system-out>
</testsuite> <!-- resrAssuredTest.GetApi -->
