<?xml version="1.0" encoding="UTF-8"?>
<!-- Generated by org.testng.reporters.JUnitReportReporter -->
<testsuite hostname="dllt-7544" failures="0" tests="1" name="resrAssuredTest.FaberConnection" time="6.037" errors="0" timestamp="2021-07-28T15:57:22 IST" skipped="0">
  <testcase classname="resrAssuredTest.FaberConnection" name="faber_Create_Invitation" time="6.037"/>
  <system-out>
    <![CDATA[{
    "connection_id": "2e35d93d-30a1-47dd-a5f2-e00a410e2bbf",
    "invitation": {
        "@type": "did:sov:BzCbsNYhMrjHiqZDTUASHg;spec/connections/1.0/invitation",
        "@id": "0449def3-f5f8-44e4-a05b-f573be0e3f1e",
        "recipientKeys": [
            "DgN6VS1qDxbjvNAqpKV7bZGYHmoj7Df4RroXW8QhG6WG"
        ],
        "label": "Faber Agent",
        "serviceEndpoint": "http://172.31.25.166:8020"
    },
    "invitation_url": "http://172.31.25.166:8020?c_i=eyJAdHlwZSI6ICJkaWQ6c292OkJ6Q2JzTlloTXJqSGlxWkRUVUFTSGc7c3BlYy9jb25uZWN0aW9ucy8xLjAvaW52aXRhdGlvbiIsICJAaWQiOiAiMDQ0OWRlZjMtZjVmOC00NGU0LWEwNWItZjU3M2JlMGUzZjFlIiwgInJlY2lwaWVudEtleXMiOiBbIkRnTjZWUzFxRHhianZOQXFwS1Y3YlpHWUhtb2o3RGY0UnJvWFc4UWhHNldHIl0sICJsYWJlbCI6ICJGYWJlciBBZ2VudCIsICJzZXJ2aWNlRW5kcG9pbnQiOiAiaHR0cDovLzE3Mi4zMS4yNS4xNjY6ODAyMCJ9"
}]]>
  </system-out>
</testsuite> <!-- resrAssuredTest.FaberConnection -->
