<?xml version="1.0" encoding="UTF-8"?>
<!-- Generated by org.testng.reporters.JUnitReportReporter -->
<testsuite hostname="dllt-7544" failures="0" tests="1" name="resrAssuredTest.FaberConnection" time="5.277" errors="0" timestamp="2021-08-06T10:57:03 IST" skipped="0">
  <testcase classname="resrAssuredTest.FaberConnection" name="faber_Create_Invitation" time="5.277"/>
  <system-out>
    <![CDATA[{
    "connection_id": "bdc87100-9855-4570-85f0-9f5399c11b34",
    "invitation": {
        "@type": "did:sov:BzCbsNYhMrjHiqZDTUASHg;spec/connections/1.0/invitation",
        "@id": "913d489b-020a-4801-8829-def5af73146c",
        "recipientKeys": [
            "Fi9cvz2sYVQSayqudoUKDaGk9K5uPuCnYD7GNF4imhqv"
        ],
        "label": "Faber Agent",
        "serviceEndpoint": "http://172.31.25.166:8020"
    },
    "invitation_url": "http://172.31.25.166:8020?c_i=eyJAdHlwZSI6ICJkaWQ6c292OkJ6Q2JzTlloTXJqSGlxWkRUVUFTSGc7c3BlYy9jb25uZWN0aW9ucy8xLjAvaW52aXRhdGlvbiIsICJAaWQiOiAiOTEzZDQ4OWItMDIwYS00ODAxLTg4MjktZGVmNWFmNzMxNDZjIiwgInJlY2lwaWVudEtleXMiOiBbIkZpOWN2ejJzWVZRU2F5cXVkb1VLRGFHazlLNXVQdUNuWUQ3R05GNGltaHF2Il0sICJsYWJlbCI6ICJGYWJlciBBZ2VudCIsICJzZXJ2aWNlRW5kcG9pbnQiOiAiaHR0cDovLzE3Mi4zMS4yNS4xNjY6ODAyMCJ9"
}]]>
  </system-out>
</testsuite> <!-- resrAssuredTest.FaberConnection -->
