<?xml version="1.0" encoding="UTF-8"?>
<!-- Generated by org.testng.reporters.JUnitReportReporter -->
<testsuite hostname="dllt-7544" failures="0" tests="1" name="resrAssuredTest.BaseTest" time="3.604" errors="0" timestamp="2021-07-07T14:34:21 IST" skipped="0">
  <testcase classname="resrAssuredTest.BaseTest" name="postNewEmployees" time="3.604"/>
  <system-out>
    <![CDATA[{
    "Pass": "pass",
    "UserId": "rp01",
    "Name": "Rajesh",
    "id": "239",
    "createdAt": "2021-07-07T09:05:07.871Z"
}]]>
  </system-out>
</testsuite> <!-- resrAssuredTest.BaseTest -->
